<?xml version="1.0" encoding="UTF-8"?>
<!-- Generated by org.testng.reporters.JUnitReportReporter -->
<testsuite hostname="DESKTOP-D5OBL1K" failures="0" tests="1" name="TestNGTest.TestNGBasics" time="0.009" errors="0" timestamp="2022-01-26T21:03:20 IST" skipped="0">
  <testcase classname="TestNGTest.TestNGBasics" name="checkPageTitle" time="0.009"/>
  <system-out/>
</testsuite> <!-- TestNGTest.TestNGBasics -->
